<?xml version="1.0" encoding="UTF-8"?>
<!-- Generated by org.testng.reporters.JUnitXMLReporter -->
<testsuite ignored="0" hostname="DESKTOP-VP9BVOJ" failures="0" tests="2" name="Default test" time="2.722" errors="0" timestamp="28 Dec 2022 12:03:09 GMT">
  <testcase classname="com.TestVagrant.testCases.testClass" name="foreignPlayersValidation" time="2.437"/>
  <testcase classname="com.TestVagrant.testCases.testClass" name="wicketKeeperValidation" time="0.239"/>
</testsuite> <!-- Default test -->
