<?xml version="1.0" encoding="UTF-8"?>
<!-- Generated by org.testng.reporters.JUnitXMLReporter -->
<testsuite ignored="0" hostname="DESKTOP-VP9BVOJ" failures="0" tests="2" name="Default test" time="2.445" errors="0" timestamp="28 Dec 2022 17:55:48 GMT">
  <testcase classname="com.TestVagrant.testCases.TestValidations" name="foreignPlayersValidation" time="2.182"/>
  <testcase classname="com.TestVagrant.testCases.TestValidations" name="wicketKeeperValidation" time="0.228"/>
</testsuite> <!-- Default test -->
